=~=~=~=~=~=~=~=~=~=~=~= PuTTY log 2020.02.17 17:57:53 =~=~=~=~=~=~=~=~=~=~=~=
0 1023.90
0, 0, 1023.90
0, 0, 1024.00
0, 0, 1024.00
0, 0, 1023.80
$0, 0, 1024.00
0, 0, 1024.00
0, 0, 1023.80
0, 0, 1024.00
0, 0, 1024.10
0, 0, 1023.80
0, 0, 1023.90
0, 0, 1023.80
0, 0, 1023.90
0, 0, 1023.70
0, 0, 1023.80
0, 0, 1023.90
0, 0, 1023.90
0, 0, 1023.80
0, 0, 1023.80
0, 0, 1024.10
0, 0, 1023.90
0, 0, 1024.10
0, 0, 1024.10
0, 0, 1023.90
0, 0, 1024.00
0, 0, 1023.90
0, 0, 1024.00
0, 0, 1024.00
0, 0, 1024.20
0, 0, 1024.00
0, 0, 1023.80
0, 0, 1024.00
0, 0, 1023.90
0, 0, 1023.90
0, 0, 1023.90
0, 0, 1024.00
0, 0, 1023.90
0, 0, 1024.10
0, 0, 1024.00
0, 0, 1023.90
0, 0, 1023.90
0, 0, 1023.90
0, 0, 1023.90
0, 0, 1023.80
0, 0, 1023.80
0, 0, 1024.00
0, 0, 1024.00
0, 0, 1023.90
0, 0, 1024.10
0, 0, 1024.10
0, 0, 1023.80
0, 0, 1024.00
0, 0, 1023.90
0, 0, 1023.90
0, 0, 1024.00
0, 0, 1024.00
0, 0, 1024.10
0, 0, 1024.10
0, 0, 1023.80
0, 0, 1023.80
0, 0, 1023.90
0, 0, 1023.90
 25, 2475, 1024.00
yR75, 2425, 1024.10
C129, 2371, 1024.10
183, 2317, 1024.10
240, 2260, 1024.10
/295, 2205, 1024.90
ff350, 2150, 1025.70
.406, 2094, 1026.70
461, 2039, 1028.10
516, 1984, 1029.60
D571, 1929, 1031.20
Q|627, 1873, 1032.30
682, 1818, 1033.80
737, 1763, 1035.00
#793, 1707, 1036.40
tZ848, 1652, 1037.70
=903, 1597, 1039.00
958, 1542, 1040.30
1014, 1500, 1041.60
1069, 1500, 1043.00
1125, 1500, 1043.80
1182, 1500, 1043.80
1238, 1500, 1043.10
1294, 1500, 1042.30
1352, 1500, 1041.30
1408, 1500, 1040.40
1464, 1500, 1039.60
1521, 1500, 1038.90
1577, 1500, 1038.10
1633, 1500, 1037.60
1690, 1500, 1036.70
1746, 1500, 1036.30
1802, 1500, 1035.60
1859, 1500, 1035.00
1915, 1500, 1034.60
1972, 1500, 1033.90
2029, 1500, 1033.50
2085, 1500, 1033.20
2141, 1500, 1032.60
2198, 1500, 1032.30
2254, 1500, 1031.90
2310, 1500, 1031.70
2366, 1500, 1031.30
2423, 1500, 1030.70
2479, 1500, 1030.60
2535, 1500, 1030.30
2592, 1500, 1030.30
2649, 1500, 1029.90
2705, 1500, 1029.70
2762, 1500, 1029.50
2818, 1500, 1029.20
2874, 1500, 1028.90
2931, 1500, 1029.00
2987, 1500, 1029.00
3043, 1500, 1028.60
3100, 1500, 1028.50
3156, 1500, 1028.20
3212, 1500, 1028.20
3270, 1500, 1027.90
3326, 1500, 1028.00
3382, 1500, 1027.90
3439, 1500, 1027.90
3495, 1500, 1028.00
3551, 1500, 1027.70
3608, 1500, 1027.90
3664, 1500, 1028.10
3720, 1500, 1027.70
3777, 1500, 1027.60
3833, 1500, 1027.60
3890, 1500, 1027.60
3947, 1500, 1027.70
4003, 1500, 1027.60
4059, 1500, 1027.60
4115, 1500, 1027.70
4172, 1500, 1027.70
4228, 1500, 1027.80
4284, 1500, 1027.60
4341, 1500, 1027.90
4397, 1500, 1028.00
4453, 1500, 1027.80
4511, 1500, 1027.90
4567, 1500, 1027.70
4623, 1500, 1027.90
4680, 1500, 1027.90
4736, 1500, 1027.80
4792, 1500, 1028.00
4849, 1500, 1027.80
4905, 1500, 1028.00
4961, 1500, 1027.90
5018, 1500, 1027.90
5074, 1500, 1027.80
5131, 1500, 1027.80
5188, 1500, 1028.00
5244, 1500, 1027.90
5300, 1500, 1028.10
5357, 1500, 1027.80
5413, 1500, 1027.80
5469, 1500, 1027.90
5526, 1500, 1028.10
5582, 1500, 1027.90
5638, 1500, 1027.90
5694, 1500, 1027.90
5752, 1500, 1028.30
5808, 1500, 1028.00
5864, 1500, 1028.00
5921, 1500, 1027.80
5977, 1500, 1028.10
6033, 1500, 1027.80
6090, 1500, 1027.60
6146, 1500, 1027.90
6202, 1500, 1028.00
6259, 1500, 1028.10
6315, 1500, 1027.90
6371, 1500, 1028.00
6429, 1500, 1027.90
6485, 1500, 1028.00
6541, 1500, 1027.70
6598, 1500, 1027.70
6654, 1500, 1027.70
6710, 1500, 1027.50
6767, 1500, 1027.70
6823, 1500, 1027.80
6879, 1500, 1027.70
6936, 1500, 1027.50
6992, 1500, 1027.50
7049, 1500, 1027.60
7106, 1500, 1027.70
7162, 1500, 1027.60
7218, 1500, 1027.80
7275, 1500, 1027.60
7331, 1500, 1027.50
7387, 1500, 1027.30
7443, 1500, 1027.40
7500, 1500, 1027.50
7556, 1500, 1027.40
7612, 1500, 1027.40
7670, 1500, 1027.60
7726, 1500, 1027.40
7782, 1500, 1027.50
7839, 1500, 1027.40
7895, 1500, 1027.20
7951, 1500, 1027.50
8008, 1500, 1027.30
8064, 1500, 1027.30
8120, 1500, 1027.20
8177, 1500, 1027.30
8233, 1500, 1027.20
8290, 1500, 1027.20
8347, 1500, 1027.10
8403, 1500, 1027.20
8459, 1500, 1027.10
8516, 1500, 1027.40
8572, 1500, 1027.20
8628, 1500, 1027.40
8685, 1500, 1026.90
8741, 1500, 1027.20
8797, 1500, 1027.00
8854, 1500, 1027.10
8911, 1500, 1027.10
8967, 1500, 1027.00
9024, 1500, 1027.20
9080, 1500, 1027.00
9136, 1500, 1027.20
9192, 1500, 1027.00
9249, 1500, 1026.90
9305, 1500, 1027.00
9361, 1500, 1027.00
9418, 1500, 1027.00
9474, 1500, 1026.90
9530, 1500, 1027.00
9588, 1500, 1026.90
9644, 1500, 1026.70
9700, 1500, 1027.10
9757, 1500, 1027.10
9813, 1500, 1026.90
9869, 1500, 1026.70
9926, 1500, 1026.50
9982, 1500, 1026.60
10038, 1500, 1026.80
10095, 1500, 1026.60
0, 0, 1026.60
0, 0, 1026.60
0, 0, 1026.60
0, 0, 1026.40
0, 0, 1026.60
0, 0, 1026.60
0, 0, 1026.40
0, 0, 1026.60
0, 0, 1026.50
0, 0, 1026.70
0, 0, 1026.30
0, 0, 1026.30
0, 0, 1026.50
0, 0, 1026.50
0, 0, 1026.40
0, 0, 1026.40
0, 0, 1026.30
0, 0, 1026.40
0, 0, 1026.20
0, 0, 1026.40
0, 0, 1026.30
0, 0, 1026.30
0, 0, 1026.40
0, 0, 1026.30
0, 0, 1026.40
0, 0, 1026.40
0, 0, 1026.30
0, 0, 1026.20
0, 0, 1026.50
0, 0, 1026.20
0, 0, 1026.10
0, 0, 1026.20
0, 0, 1026.10
0, 0, 1026.20
0, 0, 1026.20
0, 0, 1026.20
0, 0, 1026.20
0, 0, 1026.10
0, 0, 1026.30
0, 0, 1026.10
0, 0, 1026.00
0, 0, 1026.00
0, 0, 1026.10
0, 0, 1026.10
0, 0, 1026.00
0, 0, 1025.90
0, 0, 1026.20
0, 0, 1025.90
0, 0, 1026.00
0, 0, 1025.90
0, 0, 1026.00
0, 0, 1026.00
0, 0, 1025.90
0, 0, 1025.80
0, 0, 1025.80
0, 0, 1026.20
0, 0, 1025.90
0, 0, 1025.70
0, 0, 1025.80
0, 0, 1025.70
0, 0, 1026.00
0, 0, 1025.70
0, 0, 1025.70
0, 0, 1025.70
0, 0, 1025.90
0, 0, 1025.80
0, 0, 1025.90
0, 0, 1025.90
0, 0, 1025.60
0, 0, 1025.70
0, 0, 1025.60
0, 0, 1025.60
0, 0, 1025.70
0, 0, 1025.70
0, 0, 1025.60
0, 0, 1025.70
0, 0, 1026.00
0, 0, 1025.80
0, 0, 1025.60
0, 0, 1025.60
0, 0, 1025.70
0, 0, 1025.50
0, 0, 1025.60
0, 0, 1025.50
0, 0, 1025.60
0, 0, 1025.70
0, 0, 1025.60
0, 0, 1025.40
0, 0, 1025.50
0, 0, 1025.50
0, 0, 1025.60
0, 0, 1025.80
0, 0, 1025.50
0, 0, 1025.30
0, 0, 1025.30
0, 0, 1025.40
0, 0, 1025.40
0, 0, 1025.60
0, 0, 1025.50
0, 0, 1025.40
0, 0, 1025.50
0, 0, 1025.40
0, 0, 1025.40
0, 0, 1025.40
0, 0, 1025.50
0, 0, 1025.40
0, 0, 1025.30
0, 0, 1025.50
0, 0, 1025.40
0, 0, 1025.20
0, 0, 1025.40
0, 0, 1025.20
0, 0, 1025.30
0, 0, 1025.20
0, 0, 1025.20
0, 0, 1025.20
0, 0, 1025.30
0, 0, 1025.20
0, 0, 1025.40
0, 0, 1025.30
0, 0, 1025.20
0, 0, 1025.30
0, 0, 1025.30
0, 0, 1025.20
0, 0, 1025.20
0, 0, 1025.10
0, 0, 1025.30
0, 0, 1025.20
0, 0, 1025.10
0, 0, 1025.20
0, 0, 1025.00
