=~=~=~=~=~=~=~=~=~=~=~= PuTTY log 2020.02.17 18:05:46 =~=~=~=~=~=~=~=~=~=~=~=
0,.00
0, 0, 1024.20
0, 0, 1024.00
0, 0, 1024.20
0, 0, 1024.20
0, 0, 1024.00
0, 0, 1024.20
0, 0, 1024.00
$0, 0, 1024.30
0, 0, 1024.10
0, 0, 1024.00
0, 0, 1024.20
0, 0, 1024.20
0, 0, 1024.10
0, 0, 1024.20
0, 0, 1024.40
0, 0, 1024.30
0, 0, 1024.30
0, 0, 1024.30
0, 0, 1024.20
0, 0, 1024.50
0, 0, 1024.10
0, 0, 1024.30
0, 0, 1024.00
0, 0, 1024.10
0, 0, 1024.30
0, 0, 1024.10
0, 0, 1024.20
0, 0, 1024.30
0, 0, 1024.20
0, 0, 1024.40
0, 0, 1024.20
0, 0, 1023.90
0, 0, 1024.00
0, 0, 1024.20
0, 0, 1024.10
0, 0, 1024.20
0, 0, 1024.20
0, 0, 1024.10
0, 0, 1024.20
0, 0, 1024.20
0, 0, 1024.30
0, 0, 1024.20
0, 0, 1024.20
0, 0, 1024.10
0, 0, 1024.20
0, 0, 1024.20
0, 0, 1024.00
0, 0, 1024.20
0, 0, 1024.10
0, 0, 1024.20
0, 0, 1024.00
0, 0, 1024.30
0, 0, 1024.30
0, 0, 1024.10
0, 0, 1024.10
0, 0, 1024.20
0, 0, 1024.00
0, 0, 1024.30
0, 0, 1024.10
0, 0, 1024.30
0, 0, 1024.30
0, 0, 1024.20
0, 0, 1024.10
0, 0, 1024.50
0, 0, 1024.30
0, 0, 1024.30
0, 0, 1024.10
0, 0, 1024.20
0, 0, 1024.20
0, 0, 1024.20
0, 0, 1024.10
0, 0, 1024.20
0, 0, 1024.10
0, 0, 1024.20
0, 0, 1024.10
0, 0, 1024.20
0, 0, 1024.30
0, 0, 1024.30
0, 0, 1024.20
0, 0, 1024.20
0, 0, 1024.30
0, 0, 1024.10
0, 0, 1024.00
0, 0, 1024.30
0, 0, 1024.10
0, 0, 1024.20
0, 0, 1024.30
0, 0, 1024.10
0, 0, 1024.20
0, 0, 1024.30
0, 0, 1024.10
0, 0, 1024.10
0, 0, 1024.00
0, 0, 1024.20
0, 0, 1024.40
0, 0, 1023.90
0, 0, 1024.20
24, 2476, 1024.20
zQ74, 2426, 1024.00
C129, 2371, 1024.20
183, 2317, 1024.30
238, 2262, 1024.30
-293, 2207, 1024.40
ge349, 2151, 1025.10
0404, 2096, 1026.00
459, 2041, 1027.40
515, 1985, 1028.60
C570, 1930, 1030.20
Sz625, 1875, 1031.80
681, 1819, 1033.30
736, 1764, 1034.30
!791, 1709, 1035.50
vX846, 1654, 1036.50
>902, 1598, 1037.70
957, 1543, 1038.80
1012, 1500, 1039.80
1068, 1500, 1040.80
1124, 1500, 1041.50
1180, 1500, 1041.40
1237, 1500, 1040.60
1294, 1500, 1039.30
1350, 1500, 1038.40
1407, 1500, 1037.20
1463, 1500, 1036.10
1519, 1500, 1035.40
1576, 1500, 1034.50
1632, 1500, 1033.80
1688, 1500, 1032.90
1744, 1500, 1032.60
1801, 1500, 1031.80
1857, 1500, 1031.10
1914, 1500, 1030.70
1971, 1500, 1029.80
2027, 1500, 1029.50
2083, 1500, 1029.10
2140, 1500, 1028.90
2196, 1500, 1028.40
2252, 1500, 1028.40
2309, 1500, 1028.10
2365, 1500, 1027.80
2421, 1500, 1027.70
2478, 1500, 1027.50
2535, 1500, 1027.20
2591, 1500, 1027.20
2648, 1500, 1027.00
2704, 1500, 1027.00
2760, 1500, 1026.70
2817, 1500, 1026.90
2873, 1500, 1026.70
2929, 1500, 1026.90
2986, 1500, 1027.00
3042, 1500, 1027.10
3098, 1500, 1027.00
3156, 1500, 1027.00
3212, 1500, 1027.20
3268, 1500, 1027.20
3325, 1500, 1027.40
3381, 1500, 1027.20
3437, 1500, 1027.50
3493, 1500, 1027.70
3550, 1500, 1027.60
3606, 1500, 1027.90
3662, 1500, 1027.90
3719, 1500, 1027.90
3776, 1500, 1027.90
3832, 1500, 1027.90
3889, 1500, 1028.30
3945, 1500, 1028.10
4001, 1500, 1028.10
4058, 1500, 1028.00
4114, 1500, 1028.30
4170, 1500, 1028.20
4227, 1500, 1028.20
4283, 1500, 1028.10
4339, 1500, 1028.00
4397, 1500, 1028.00
4453, 1500, 1028.10
4509, 1500, 1028.00
4566, 1500, 1027.80
4622, 1500, 1027.80
4678, 1500, 1027.90
4735, 1500, 1027.80
4791, 1500, 1027.60
4847, 1500, 1027.40
4904, 1500, 1027.30
4960, 1500, 1027.60
5016, 1500, 1027.50
5074, 1500, 1027.40
5130, 1500, 1027.30
5186, 1500, 1027.40
5242, 1500, 1027.40
5299, 1500, 1027.10
5355, 1500, 1027.30
5411, 1500, 1027.30
5468, 1500, 1027.50
5524, 1500, 1027.60
5580, 1500, 1027.30
5637, 1500, 1027.30
5694, 1500, 1027.20
5750, 1500, 1027.10
5807, 1500, 1027.40
5863, 1500, 1027.40
5919, 1500, 1027.30
5976, 1500, 1027.30
6032, 1500, 1027.70
6088, 1500, 1027.50
6145, 1500, 1027.30
6201, 1500, 1027.50
6257, 1500, 1027.30
6314, 1500, 1027.20
6371, 1500, 1027.40
6427, 1500, 1027.50
6484, 1500, 1027.40
6540, 1500, 1027.40
6596, 1500, 1027.10
6653, 1500, 1027.20
6709, 1500, 1027.00
6765, 1500, 1027.00
6821, 1500, 1027.20
6878, 1500, 1026.90
6934, 1500, 1027.00
6991, 1500, 1027.30
7048, 1500, 1027.10
7104, 1500, 1026.90
7160, 1500, 1026.90
7217, 1500, 1026.90
7273, 1500, 1026.90
7329, 1500, 1026.90
7386, 1500, 1026.80
7442, 1500, 1026.90
7498, 1500, 1026.70
7555, 1500, 1026.80
7612, 1500, 1026.80
7668, 1500, 1026.90
7725, 1500, 1026.90
7781, 1500, 1026.80
7837, 1500, 1026.80
7894, 1500, 1027.00
7950, 1500, 1026.90
8006, 1500, 1026.70
8063, 1500, 1026.80
8119, 1500, 1026.70
8175, 1500, 1026.70
8233, 1500, 1026.60
8289, 1500, 1026.80
8345, 1500, 1026.70
8402, 1500, 1026.50
8458, 1500, 1026.80
8514, 1500, 1026.60
8570, 1500, 1026.60
8627, 1500, 1026.60
8683, 1500, 1026.50
8739, 1500, 1026.60
8796, 1500, 1026.50
8852, 1500, 1026.50
8909, 1500, 1026.40
8966, 1500, 1026.40
9022, 1500, 1026.30
9078, 1500, 1026.60
9135, 1500, 1026.20
9191, 1500, 1026.10
9247, 1500, 1026.30
9304, 1500, 1026.20
9360, 1500, 1026.40
9416, 1500, 1026.30
9473, 1500, 1026.30
9530, 1500, 1026.30
9586, 1500, 1026.40
9643, 1500, 1026.10
9699, 1500, 1026.00
9755, 1500, 1026.20
9812, 1500, 1025.80
9868, 1500, 1026.30
9924, 1500, 1026.10
9981, 1500, 1026.30
10037, 1500, 1026.10
10093, 1500, 1026.00
10152, 1500, 1026.30
10209, 1500, 1026.20
10266, 1500, 1025.90
10324, 1500, 1025.90
10381, 1500, 1026.00
10438, 1500, 1026.10
10496, 1500, 1026.10
10554, 1500, 1026.10
10611, 1500, 1026.00
10669, 1500, 1026.10
10726, 1500, 1025.90
10783, 1500, 1025.90
10841, 1500, 1025.90
10898, 1500, 1025.80
10956, 1500, 1026.00
11014, 1500, 1026.00
11071, 1500, 1026.00
11128, 1500, 1025.90
11186, 1500, 1025.70
11243, 1500, 1025.90
11300, 1500, 1025.90
11359, 1500, 1025.90
11416, 1500, 1025.80
11474, 1500, 1025.90
11531, 1500, 1025.50
11588, 1500, 1025.60
11646, 1500, 1025.80
11703, 1500, 1025.50
11761, 1500, 1025.80
11819, 1500, 1025.60
11876, 1500, 1025.90
11933, 1500, 1025.60
11991, 1500, 1025.90
12048, 1500, 1025.70
12105, 1500, 1025.60
12164, 1500, 1025.70
12221, 1500, 1025.90
12278, 1500, 1025.60
12336, 1500, 1025.60
12393, 1500, 1025.80
12450, 1500, 1025.60
12508, 1500, 1025.70
12566, 1500, 1025.50
12623, 1500, 1025.50
12681, 1500, 1025.50
12738, 1500, 1025.30
12795, 1500, 1025.50
12853, 1500, 1025.90
12910, 1500, 1025.40
12969, 1500, 1025.50
13026, 1500, 1025.60
13083, 1500, 1025.40
13141, 1500, 1025.50
13198, 1500, 1025.40
13255, 1500, 1025.50
13313, 1500, 1025.70
13371, 1500, 1025.60
13428, 1500, 1025.50
13486, 1500, 1025.40
13543, 1500, 1025.20
13600, 1500, 1025.40
13658, 1500, 1025.40
13715, 1500, 1025.60
13773, 1500, 1025.50
13831, 1500, 1025.30
13888, 1500, 1025.50
13945, 1500, 1025.30
14003, 1500, 1025.20
14060, 1500, 1025.40
14117, 1500, 1025.50
14176, 1500, 1025.60
14233, 1500, 1025.40
14291, 1500, 1025.30
14348, 1500, 1025.30
14405, 1500, 1025.20
14463, 1500, 1025.20
14520, 1500, 1025.40
14577, 1500, 1025.10
14636, 1500, 1025.30
14693, 1500, 1025.20
14750, 1500, 1025.10
14808, 1500, 1025.40
14865, 1500, 1025.30
14922, 1500, 1025.10
14980, 1500, 1025.30
15038, 1500, 1025.20
15095, 1500, 1025.20
15153, 1500, 1025.10
15210, 1500, 1025.20
15267, 1500, 1025.10
15325, 1500, 1025.30
15382, 1500, 1025.20
15440, 1500, 1025.00
15498, 1500, 1025.10
15555, 1500, 1025.20
15613, 1500, 1025.10
15670, 1500, 1025.10
15727, 1500, 1025.10
15785, 1500, 1025.00
15843, 1500, 1025.00
15900, 1500, 1025.30
15958, 1500, 1025.10
16015, 1500, 1025.00
16072, 1500, 1024.90
16130, 1500, 1025.30
16187, 1500, 1024.90
16245, 1500, 1024.80
16303, 1500, 1024.90
16360, 1500, 1025.00
16417, 1500, 1024.90
16475, 1500, 1025.00
16532, 1500, 1025.00
16589, 1500, 1024.80
16648, 1500, 1025.10
16705, 1500, 1025.00
16762, 1500, 1025.00
16820, 1500, 1025.00
16877, 1500, 1025.20
16935, 1500, 1025.00
16992, 1500, 1025.00
17049, 1500, 1024.90
17108, 1500, 1024.90
17165, 1500, 1024.90
17222, 1500, 1024.90
17280, 1500, 1025.00
17337, 1500, 1024.90
17394, 1500, 1024.90
17452, 1500, 1025.00
17510, 1500, 1024.90
17567, 1500, 1025.10
17625, 1500, 1024.80
17682, 1500, 1025.00
17739, 1500, 1024.80
17797, 1500, 1025.00
17854, 1500, 1025.00
17912, 1500, 1024.90
17970, 1500, 1024.90
18027, 1500, 1024.90
18084, 1500, 1025.00
18142, 1500, 1024.90
18199, 1500, 1024.80
18256, 1500, 1024.80
18315, 1500, 1025.00
18372, 1500, 1024.80
18430, 1500, 1025.00
18487, 1500, 1025.00
18544, 1500, 1024.70
18602, 1500, 1024.70
18659, 1500, 1024.90
18717, 1500, 1024.70
18775, 1500, 1024.70
18832, 1500, 1024.70
18889, 1500, 1024.90
18947, 1500, 1024.80
19004, 1500, 1024.90
19061, 1500, 1024.70
19120, 1500, 1024.60
19177, 1500, 1024.60
19234, 1500, 1024.60
19292, 1500, 1024.70
19349, 1500, 1024.60
19406, 1500, 1024.60
19464, 1500, 1024.80
19522, 1500, 1024.90
19579, 1500, 1024.70
19637, 1500, 1024.80
19694, 1500, 1024.80
19752, 1500, 1024.60
19809, 1500, 1024.50
19866, 1500, 1024.70
19925, 1500, 1024.60
19982, 1500, 1024.60
20039, 1500, 1024.40
20097, 1500, 1024.70
20154, 1500, 1024.70
20211, 1500, 1024.70
20269, 1500, 1024.50
20327, 1500, 1024.70
20384, 1500, 1024.60
20442, 1500, 1024.60
20499, 1500, 1024.80
20556, 1500, 1024.70
20614, 1500, 1024.80
20671, 1500, 1024.50
20729, 1500, 1024.60
20787, 1500, 1024.70
20844, 1500, 1024.60
20901, 1500, 1024.80
20959, 1500, 1024.80
21016, 1500, 1024.70
21074, 1500, 1024.60
21132, 1500, 1024.80
21189, 1500, 1024.70
21247, 1500, 1024.70
21304, 1500, 1024.70
21361, 1500, 1024.70
21419, 1500, 1024.50
21476, 1500, 1024.70
21534, 1500, 1024.60
21592, 1500, 1024.70
21649, 1500, 1024.60
21706, 1500, 1024.50
21764, 1500, 1024.60
21821, 1500, 1024.50
21878, 1500, 1024.70
21936, 1500, 1024.50
21994, 1500, 1024.40
22051, 1500, 1024.80
22109, 1500, 1024.60
22166, 1500, 1024.50
22223, 1500, 1024.60
22281, 1500, 1024.60
22338, 1500, 1024.80
22397, 1500, 1024.80
22454, 1500, 1024.60
22511, 1500, 1024.60
22569, 1500, 1024.30
22626, 1500, 1024.60
22683, 1500, 1024.50
22741, 1500, 1024.70
22799, 1500, 1024.60
22856, 1500, 1024.50
22914, 1500, 1024.40
22971, 1500, 1024.70
23028, 1500, 1024.50
23086, 1500, 1024.50
23143, 1500, 1024.50
23201, 1500, 1024.50
23259, 1500, 1024.70
23316, 1500, 1024.50
23373, 1500, 1024.50
23431, 1500, 1024.50
23488, 1500, 1024.50
23545, 1500, 1024.60
23604, 1500, 1024.70
23661, 1500, 1024.40
23719, 1500, 1024.50
23776, 1500, 1024.40
23833, 1500, 1024.40
23891, 1500, 1024.60
23948, 1500, 1024.40
24006, 1500, 1024.40
24064, 1500, 1024.40
24121, 1500, 1024.50
24178, 1500, 1024.70
24236, 1500, 1024.50
24293, 1500, 1024.60
24350, 1500, 1024.10
24409, 1500, 1024.50
24466, 1500, 1024.50
24523, 1500, 1024.60
24581, 1500, 1024.60
24638, 1500, 1024.40
24695, 1500, 1024.60
24753, 1500, 1024.30
24810, 1500, 1024.50
24868, 1500, 1024.30
24926, 1500, 1024.40
24983, 1500, 1024.60
25040, 1500, 1024.50
25098, 1500, 1024.40
25155, 1500, 1024.40
25213, 1500, 1024.40
25271, 1500, 1024.50
25328, 1500, 1024.40
25386, 1500, 1024.30
25443, 1500, 1024.70
25500, 1500, 1024.50
25558, 1500, 1024.50
25615, 1500, 1024.50
25673, 1500, 1024.60
25731, 1500, 1024.40
25788, 1500, 1024.30
25845, 1500, 1024.40
25903, 1500, 1024.20
25960, 1500, 1024.50
26017, 1500, 1024.40
26076, 1500, 1024.50
26133, 1500, 1024.30
26190, 1500, 1024.30
26248, 1500, 1024.30
26305, 1500, 1024.40
26362, 1500, 1024.30
26420, 1500, 1024.30
26478, 1500, 1024.40
26536, 1500, 1024.30
26593, 1500, 1024.50
26650, 1500, 1024.50
26708, 1500, 1024.30
26765, 1500, 1024.50
26822, 1500, 1024.40
26881, 1500, 1024.50
26938, 1500, 1024.40
26995, 1500, 1024.20
27053, 1500, 1024.40
27110, 1500, 1024.50
27167, 1500, 1024.40
27225, 1500, 1024.30
27283, 1500, 1024.50
27340, 1500, 1024.40
27398, 1500, 1024.40
27455, 1500, 1024.20
27512, 1500, 1024.40
27570, 1500, 1024.50
27627, 1500, 1024.30
27684, 1500, 1024.50
27743, 1500, 1024.40
27800, 1500, 1024.10
27858, 1500, 1024.40
27915, 1500, 1024.60
27972, 1500, 1024.30
28030, 1500, 1024.40
28087, 1500, 1024.30
28145, 1500, 1024.40
28203, 1500, 1024.40
28260, 1500, 1024.40
28317, 1500, 1024.40
28375, 1500, 1024.50
28432, 1500, 1024.50
28489, 1500, 1024.20
28548, 1500, 1024.30
28605, 1500, 1024.40
28662, 1500, 1024.50
28720, 1500, 1024.60
28777, 1500, 1024.40
28834, 1500, 1024.20
28892, 1500, 1024.50
28950, 1500, 1024.50
29007, 1500, 1024.30
29065, 1500, 1024.40
29122, 1500, 1024.40
29179, 1500, 1024.40
29237, 1500, 1024.30
29294, 1500, 1024.30
29353, 1500, 1024.40
29410, 1500, 1024.20
29467, 1500, 1024.40
29525, 1500, 1024.40
29582, 1500, 1024.60
29639, 1500, 1024.40
29697, 1500, 1024.40
29755, 1500, 1024.30
29812, 1500, 1024.60
29870, 1500, 1024.40
29927, 1500, 1024.40
29984, 1500, 1024.20
30042, 1500, 1024.40
30099, 1500, 1024.30
30157, 1500, 1024.40
30215, 1500, 1024.20
30272, 1500, 1024.60
30329, 1500, 1024.30
30387, 1500, 1024.30
30444, 1500, 1024.40
30501, 1500, 1024.30
30560, 1500, 1024.20
30617, 1500, 1024.60
30675, 1500, 1024.40
30732, 1500, 1024.50
30789, 1500, 1024.50
30847, 1500, 1024.20
30904, 1500, 1024.60
30962, 1500, 1024.20
31020, 1500, 1024.30
31077, 1500, 1024.20
31134, 1500, 1024.30
31192, 1500, 1024.40
31249, 1500, 1024.50
31306, 1500, 1024.30
31365, 1500, 1024.20
31422, 1500, 1024.40
31479, 1500, 1024.30
31537, 1500, 1024.40
31594, 1500, 1024.40
31651, 1500, 1024.30
31709, 1500, 1024.30
31767, 1500, 1024.30
31824, 1500, 1024.20
31882, 1500, 1024.50
31939, 1500, 1024.30
31997, 1500, 1024.10
32054, 1500, 1024.40
32111, 1500, 1024.40
32170, 1500, 1024.10
32227, 1500, 1024.20
32284, 1500, 1024.20
32342, 1500, 1024.20
32399, 1500, 1024.20
32456, 1500, 1024.30
32514, 1500, 1024.20
32572, 1500, 1024.20
32629, 1500, 1024.50
32687, 1500, 1024.50
32744, 1500, 1024.40
-32735, 1500, 1024.20
0, 0, 1024.50
0, 0, 1024.20
0, 0, 1024.10
0, 0, 1024.20
0, 0, 1024.20
0, 0, 1024.40
0, 0, 1024.10
0, 0, 1024.40
0, 0, 1024.40
0, 0, 1024.40
0, 0, 1024.10
0, 0, 1024.50
0, 0, 1024.40
0, 0, 1024.60
0, 0, 1024.50
0, 0, 1024.10
0, 0, 1024.20
0, 0, 1024.20
0, 0, 1024.40
0, 0, 1024.30
0, 0, 1024.40
0, 0, 1024.50
0, 0, 1024.30
0, 0, 1024.20
0, 0, 1024.40
0, 0, 1024.20
0, 0, 1024.20
0, 0, 1024.40
0, 0, 1024.00
0, 0, 1024.30
0, 0, 1024.50
0, 0, 1024.30
0, 0, 1024.30
0, 0, 1024.20
0, 0, 1024.20
0, 0, 1024.20
0, 0, 1024.30
0, 0, 1024.40
0, 0, 1024.10
0, 0, 1024.30
0, 0, 1024.30
0, 0, 1024.00
0, 0, 1024.30
0, 0, 1024.30
0, 0, 1024.40
0, 0, 1024.40
0, 0, 1024.40
0, 0, 1024.30
0, 0, 1024.50
0, 0, 1024.30
0, 0, 1024.30
0, 0, 1024.40
0, 0, 1024.10
0, 0, 1024.30
0, 0, 1024.40
0, 0, 1024.30
0, 0, 1024.20
0, 0, 1024.30
0, 0, 1024.20
0, 0, 1024.10
0, 0, 1024.20
0, 0, 1024.10
0, 0, 1024.50
0, 0, 1024.30
0, 0, 1024.20
0, 0, 1024.10
0, 0, 1024.40
0, 0, 1024.30
0, 0, 1024.50
0, 0, 1024.20
0, 0, 1024.30
0, 0, 1024.30
0, 0, 1024.20
0, 0, 1024.20
0, 0, 1024.20
0, 0, 1024.30
0, 0, 1024.40
0, 0, 1024.40
0, 0, 1024.40
0, 0, 1024.50
0, 0, 1024.30
0, 0, 1024.10
0, 0, 1024.10
0, 0, 1024.40
0, 0, 1024.20
0, 0, 1024.10
0, 0, 1024.00
0, 0, 1024.30
0, 0, 1024.50
0, 0, 1024.40
0, 0, 1024.20
0, 0, 1024.40
0, 0, 1024.30
0, 0, 1024.40
0, 0, 1024.30
0, 0, 1024.30
0, 0, 1024.10
0, 0, 1024.30
0, 0, 1024.30
0, 0, 1024.20
0, 0, 1024.20
0, 0, 1024.20
0, 0, 1024.10
0, 0, 1024.30
0, 0, 1024.30
0, 0, 1024.40
0, 0, 1024.10
0, 0, 1024.40
0, 0, 1024.20
0, 0, 1024.30
0, 0, 1024.30
0, 0, 1024.40
0, 0, 1024.20
0, 0, 1024.50
0, 0, 1024.30
0, 0, 1024.20
0, 0, 1024.30
0, 0, 1024.30
0, 0, 1024.30
0, 0, 1024.40
0, 0, 1024.40
0, 0, 1024.20
0, 0, 1024.20
0, 0, 1024.20
0, 0, 1024.10
0, 0, 1024.40
0, 0, 1024.10
0, 0, 1024.10
0, 0,